<?xml version="1.0" encoding="UTF-8"?>
<testng-results ignored="0" total="2" passed="2" failed="0" skipped="0">
  <reporter-output>
  </reporter-output>
  <suite started-at="2022-07-18T12:41:04 IST" name="Suite" finished-at="2022-07-18T12:41:04 IST" duration-ms="53">
    <groups>
    </groups>
    <test started-at="2022-07-18T12:41:04 IST" name="Test" finished-at="2022-07-18T12:41:04 IST" duration-ms="53">
      <class name="test.Day1">
        <test-method signature="Demo1()[pri:1, instance:test.Day1@6bf0219d]" started-at="2022-07-18T12:41:04 IST" name="Demo1" finished-at="2022-07-18T12:41:04 IST" duration-ms="9" status="PASS">
          <reporter-output>
          </reporter-output>
        </test-method> <!-- Demo1 -->
        <test-method signature="Demo()[pri:2, instance:test.Day1@6bf0219d]" started-at="2022-07-18T12:41:04 IST" name="Demo" finished-at="2022-07-18T12:41:04 IST" duration-ms="2" status="PASS">
          <reporter-output>
          </reporter-output>
        </test-method> <!-- Demo -->
      </class> <!-- test.Day1 -->
    </test> <!-- Test -->
  </suite> <!-- Suite -->
</testng-results>
