<?xml version="1.0" encoding="UTF-8"?>
<!-- Generated by org.testng.reporters.JUnitXMLReporter -->
<testsuite ignored="0" hostname="USM-2F-Desk2" failures="0" tests="4" name="Default test" time="3.609" errors="0" timestamp="07 Jul 2022 06:43:31 GMT">
  <testcase classname="datadriventesting.datadriventest_Addnewemployees" name="postnewEmployees" time="1.551"/>
  <testcase classname="datadriventesting.datadriventest_Addnewemployees" name="postnewEmployees" time="0.398"/>
  <testcase classname="datadriventesting.datadriventest_Addnewemployees" name="postnewEmployees" time="0.407"/>
  <testcase classname="datadriventesting.datadriventest_Addnewemployees" name="postnewEmployees" time="0.403"/>
</testsuite> <!-- Default test -->
