<?xml version="1.0" encoding="UTF-8"?>
<testng-results ignored="0" total="1" passed="1" failed="0" skipped="0">
  <reporter-output>
  </reporter-output>
  <suite started-at="2022-10-20T12:28:00Z" name="Default suite" finished-at="2022-10-20T12:28:02Z" duration-ms="2558">
    <groups>
    </groups>
    <test started-at="2022-10-20T12:28:00Z" name="Default test" finished-at="2022-10-20T12:28:02Z" duration-ms="2558">
      <class name="Tc001GetReq">
        <test-method signature="getweatherDetails()[pri:0, instance:Tc001GetReq@1ef6d34c]" started-at="2022-10-20T12:28:00Z" name="getweatherDetails" finished-at="2022-10-20T12:28:02Z" duration-ms="2536" status="PASS">
          <reporter-output>
          </reporter-output>
        </test-method> <!-- getweatherDetails -->
      </class> <!-- Tc001GetReq -->
    </test> <!-- Default test -->
  </suite> <!-- Default suite -->
</testng-results>
